sys:1: DtypeWarning: Columns (2) have mixed types.Specify dtype option on import or set low_memory=False.

--- LAND USE ALLOCATION ---
Start time 2021-07-09 16:16:41.612969

--- YEAR 2024 ---

Group quarters scaling factor: 1.0664090177133656
Ag employment scaling factor:  1.0080544480689462
Regional minority percentage:  0.7282973422083568

Running agency allocation...
Sampling growth from year 9999
              SOI       HU_NET  SOI_HU_Target      EMP_NET  SOI_EMP_Target
0          Clovis   7141.45412    2740.422135   4460.99055          1077.0
1        Coalinga    775.63296     327.725115    366.89137           107.0
2       Firebaugh    544.03313     270.123288    225.91459            88.0
3          Fowler    354.19549     175.477537    535.95186           309.0
4          Fresno  29296.61111   10842.320995  23508.99434          6907.0
5           Huron    220.58078      70.809684    244.96516           149.0
6          Kerman    912.79090     423.842747   1070.99250           666.0
7       Kingsburg    762.14328     332.019516    797.99121           420.0
8         Mendota    433.50862     169.701682     99.99428            31.0
9     Orange Cove    354.74964     132.076673     24.93158            -1.0
10        Parlier    538.01732     200.596460     79.92789           -89.0
11        Reedley    982.03022     311.670514   1053.98830           690.0
12    San Joaquin    110.12738      37.418919      0.00000           -49.0
13         Sanger   1217.88034     450.086428    651.97685            52.0
14          Selma   1411.92852     613.929882   1109.97147           586.0
15  Unincorporate   1307.64058    1311.700202    443.21400         -1639.0
       COMMUNITY     HU_NET  SOI_HU_Target   EMP_NET  SOI_EMP_Target
0        Auberry  113.90834    1311.700202  41.79672         -1639.0
1          Biola   59.49072    1311.700202  31.04431         -1639.0
2         Bowles    9.38889    1311.700202   0.00000         -1639.0
3   Cantua Creek   10.39584    1311.700202   0.00000         -1639.0
4      Caruthers   99.59156    1311.700202  52.80201         -1639.0
5    Centerville   12.82526    1311.700202   0.00000         -1639.0
6        Del Rey   51.43810    1311.700202  28.57094         -1639.0
7         Easton  122.66057    1311.700202  44.07586         -1639.0
8         Friant   34.00984    1311.700202  43.38643         -1639.0
9   Friant Ranch   79.09488    1311.700202  13.15449         -1639.0
10        Lanare   30.88384    1311.700202   9.28222         -1639.0
11         Laton   73.51752    1311.700202  22.03820         -1639.0
12        Malaga   19.32180    1311.700202  22.27935         -1639.0
13     Millerton   79.16474    1311.700202   9.38239         -1639.0
14      Monmouth    3.15021    1311.700202   0.00000         -1639.0
15     Riverdale  180.57667    1311.700202  70.46322         -1639.0
16     Rural Res  172.86875    1311.700202   0.00000         -1639.0
17   Shaver Lake   59.08340    1311.700202  39.90188         -1639.0
18  Squaw Valley   24.18003    1311.700202   0.00000         -1639.0
19  Tranquillity   50.80558    1311.700202   9.32751         -1639.0
20     West Park   21.28404    1311.700202   5.70847         -1639.0
rural_hu_factor  1.0001086564362014
rural_emp_factor 0.9719294939200301

--- Script ran successfully! ---

End time 2021-07-09 16:16:57.063640
